<?xml version="1.0" encoding="UTF-8"?>
<testng-results ignored="0" total="7" passed="6" failed="1" skipped="0">
  <reporter-output>
  </reporter-output>
  <suite started-at="2020-08-23T22:32:45 IST" name="Default suite" finished-at="2020-08-23T22:33:52 IST" duration-ms="67215">
    <groups>
    </groups>
    <test started-at="2020-08-23T22:32:45 IST" name="Default test" finished-at="2020-08-23T22:33:52 IST" duration-ms="67215">
      <class name="com.flipkart.testing.TestPages.GoogleNestMini.GoogleNestMINIProductTest">
        <test-method is-config="true" signature="Setup()[pri:0, instance:com.flipkart.testing.TestPages.GoogleNestMini.GoogleNestMINIProductTest@56a6d5a6]" started-at="2020-08-23T22:32:45 IST" name="Setup" finished-at="2020-08-23T22:33:14 IST" duration-ms="29461" status="PASS">
          <reporter-output>
          </reporter-output>
        </test-method> <!-- Setup -->
        <test-method signature="TitleVerifyTest()[pri:1, instance:com.flipkart.testing.TestPages.GoogleNestMini.GoogleNestMINIProductTest@56a6d5a6]" started-at="2020-08-23T22:33:14 IST" name="TitleVerifyTest" finished-at="2020-08-23T22:33:24 IST" duration-ms="9330" status="FAIL">
          <exception class="java.lang.AssertionError">
            <message>
              <![CDATA[expected [Google Nest Mini (2nd Gen) Price in India - Buy Google Nest Mini (2nd Gen) online at Flipkart.com] but found [Google Nest Mini Store Online - Buy Google Nest Mini Online at Best Price in India | Flipkart.com]]]>
            </message>
            <full-stacktrace>
              <![CDATA[java.lang.AssertionError: expected [Google Nest Mini (2nd Gen) Price in India - Buy Google Nest Mini (2nd Gen) online at Flipkart.com] but found [Google Nest Mini Store Online - Buy Google Nest Mini Online at Best Price in India | Flipkart.com]
at org.testng.Assert.fail(Assert.java:97)
at org.testng.Assert.assertEqualsImpl(Assert.java:136)
at org.testng.Assert.assertEquals(Assert.java:118)
at org.testng.Assert.assertEquals(Assert.java:575)
at org.testng.Assert.assertEquals(Assert.java:585)
at com.flipkart.testing.TestPages.GoogleNestMini.GoogleNestMINIProductTest.TitleVerifyTest(GoogleNestMINIProductTest.java:50)
at java.base/jdk.internal.reflect.NativeMethodAccessorImpl.invoke0(Native Method)
at java.base/jdk.internal.reflect.NativeMethodAccessorImpl.invoke(NativeMethodAccessorImpl.java:62)
at java.base/jdk.internal.reflect.DelegatingMethodAccessorImpl.invoke(DelegatingMethodAccessorImpl.java:43)
at java.base/java.lang.reflect.Method.invoke(Method.java:564)
at org.testng.internal.MethodInvocationHelper.invokeMethod(MethodInvocationHelper.java:135)
at org.testng.internal.TestInvoker.invokeMethod(TestInvoker.java:598)
at org.testng.internal.TestInvoker.invokeTestMethod(TestInvoker.java:174)
at org.testng.internal.MethodRunner.runInSequence(MethodRunner.java:46)
at org.testng.internal.TestInvoker$MethodInvocationAgent.invoke(TestInvoker.java:821)
at org.testng.internal.TestInvoker.invokeTestMethods(TestInvoker.java:147)
at org.testng.internal.TestMethodWorker.invokeTestMethods(TestMethodWorker.java:146)
at org.testng.internal.TestMethodWorker.run(TestMethodWorker.java:128)
at java.base/java.util.ArrayList.forEach(ArrayList.java:1510)
at org.testng.TestRunner.privateRun(TestRunner.java:767)
at org.testng.TestRunner.run(TestRunner.java:588)
at org.testng.SuiteRunner.runTest(SuiteRunner.java:384)
at org.testng.SuiteRunner.runSequentially(SuiteRunner.java:378)
at org.testng.SuiteRunner.privateRun(SuiteRunner.java:337)
at org.testng.SuiteRunner.run(SuiteRunner.java:286)
at org.testng.SuiteRunnerWorker.runSuite(SuiteRunnerWorker.java:53)
at org.testng.SuiteRunnerWorker.run(SuiteRunnerWorker.java:96)
at org.testng.TestNG.runSuitesSequentially(TestNG.java:1214)
at org.testng.TestNG.runSuitesLocally(TestNG.java:1136)
at org.testng.TestNG.runSuites(TestNG.java:1066)
at org.testng.TestNG.run(TestNG.java:1034)
at org.testng.remote.AbstractRemoteTestNG.run(AbstractRemoteTestNG.java:115)
at org.testng.remote.RemoteTestNG.initAndRun(RemoteTestNG.java:251)
at org.testng.remote.RemoteTestNG.main(RemoteTestNG.java:77)
]]>
            </full-stacktrace>
          </exception> <!-- java.lang.AssertionError -->
          <reporter-output>
          </reporter-output>
        </test-method> <!-- TitleVerifyTest -->
        <test-method signature="pageVerify()[pri:2, instance:com.flipkart.testing.TestPages.GoogleNestMini.GoogleNestMINIProductTest@56a6d5a6]" started-at="2020-08-23T22:33:24 IST" name="pageVerify" finished-at="2020-08-23T22:33:24 IST" duration-ms="41" status="PASS">
          <reporter-output>
          </reporter-output>
        </test-method> <!-- pageVerify -->
        <test-method signature="ColorSelectionTest()[pri:3, instance:com.flipkart.testing.TestPages.GoogleNestMini.GoogleNestMINIProductTest@56a6d5a6]" started-at="2020-08-23T22:33:24 IST" name="ColorSelectionTest" finished-at="2020-08-23T22:33:27 IST" duration-ms="2379" status="PASS">
          <reporter-output>
          </reporter-output>
        </test-method> <!-- ColorSelectionTest -->
        <test-method signature="googleNestminiFeatureImgProductVerifyTest()[pri:4, instance:com.flipkart.testing.TestPages.GoogleNestMini.GoogleNestMINIProductTest@56a6d5a6]" started-at="2020-08-23T22:33:27 IST" name="googleNestminiFeatureImgProductVerifyTest" finished-at="2020-08-23T22:33:39 IST" duration-ms="12395" status="PASS">
          <reporter-output>
          </reporter-output>
        </test-method> <!-- googleNestminiFeatureImgProductVerifyTest -->
        <test-method signature="pageVerifygoogleNestminiFeatureImgProductVerifyTest()[pri:5, instance:com.flipkart.testing.TestPages.GoogleNestMini.GoogleNestMINIProductTest@56a6d5a6]" started-at="2020-08-23T22:33:39 IST" name="pageVerifygoogleNestminiFeatureImgProductVerifyTest" finished-at="2020-08-23T22:33:39 IST" duration-ms="25" status="PASS">
          <reporter-output>
          </reporter-output>
        </test-method> <!-- pageVerifygoogleNestminiFeatureImgProductVerifyTest -->
        <test-method signature="ColorSelectiongoogleNestminiFeatureImgProductVerifyTest()[pri:6, instance:com.flipkart.testing.TestPages.GoogleNestMini.GoogleNestMINIProductTest@56a6d5a6]" started-at="2020-08-23T22:33:39 IST" name="ColorSelectiongoogleNestminiFeatureImgProductVerifyTest" finished-at="2020-08-23T22:33:41 IST" duration-ms="2337" status="PASS">
          <reporter-output>
          </reporter-output>
        </test-method> <!-- ColorSelectiongoogleNestminiFeatureImgProductVerifyTest -->
        <test-method signature="BuyProduct_googleNestminiVerifyTest()[pri:7, instance:com.flipkart.testing.TestPages.GoogleNestMini.GoogleNestMINIProductTest@56a6d5a6]" started-at="2020-08-23T22:33:41 IST" name="BuyProduct_googleNestminiVerifyTest" finished-at="2020-08-23T22:33:52 IST" duration-ms="10833" status="PASS">
          <reporter-output>
          </reporter-output>
        </test-method> <!-- BuyProduct_googleNestminiVerifyTest -->
        <test-method is-config="true" signature="tearDown()[pri:0, instance:com.flipkart.testing.TestPages.GoogleNestMini.GoogleNestMINIProductTest@56a6d5a6]" started-at="2020-08-23T22:33:52 IST" name="tearDown" finished-at="2020-08-23T22:33:52 IST" duration-ms="0" status="PASS">
          <reporter-output>
          </reporter-output>
        </test-method> <!-- tearDown -->
      </class> <!-- com.flipkart.testing.TestPages.GoogleNestMini.GoogleNestMINIProductTest -->
    </test> <!-- Default test -->
  </suite> <!-- Default suite -->
</testng-results>
