<?xml version="1.0" encoding="UTF-8"?>
<!-- Generated by org.testng.reporters.JUnitReportReporter -->
<testsuite hostname="LAPTOP-I1SP28VM" failures="1" tests="13" name="com.flipkart.testing.TestPages.GoogleAssistant.Google_Assistant_Test" time="46.359" errors="0" timestamp="2020-08-25T15:52:51 IST" skipped="0">
  <testcase classname="com.flipkart.testing.TestPages.GoogleAssistant.Google_Assistant_Test" name="TitleVerify_Test" time="5.030"/>
  <system-out/>
  <testcase classname="com.flipkart.testing.TestPages.GoogleAssistant.Google_Assistant_Test" name="PageVerify" time="0.049"/>
  <system-out/>
  <testcase classname="com.flipkart.testing.TestPages.GoogleAssistant.Google_Assistant_Test" name="googleAssistantImg_Verify_Test" time="2.464"/>
  <system-out/>
  <testcase classname="com.flipkart.testing.TestPages.GoogleAssistant.Google_Assistant_Test" name="googleAssistant_DeviceImg_Verify_Test" time="2.348"/>
  <system-out/>
  <testcase classname="com.flipkart.testing.TestPages.GoogleAssistant.Google_Assistant_Test" name="googleLanguageImg_Verify_Test" time="2.352"/>
  <system-out/>
  <testcase classname="com.flipkart.testing.TestPages.GoogleAssistant.Google_Assistant_Test" name="googleLanguageImg2_Verify_Test" time="2.425"/>
  <system-out/>
  <testcase classname="com.flipkart.testing.TestPages.GoogleAssistant.Google_Assistant_Test" name="googleAssistant_SmartPhoneImg_Verify_Test" time="4.528"/>
  <system-out/>
  <testcase classname="com.flipkart.testing.TestPages.GoogleAssistant.Google_Assistant_Test" name="googleAssistant_SmartPhoneImg2_Verify_Test" time="4.753">
    <failure message="Images are Same expected [false] but found [true]" type="java.lang.AssertionError">
      <![CDATA[java.lang.AssertionError: Images are Same expected [false] but found [true]
at org.testng.Assert.fail(Assert.java:97)
at org.testng.Assert.failNotEquals(Assert.java:968)
at org.testng.Assert.assertFalse(Assert.java:65)
at com.flipkart.testing.Utility.TestUtil.TakeScreenShot(TestUtil.java:41)
at com.flipkart.testing.Pages.Electronics.GoogleAssistance.GoogleAssistant.googleAssistant_SmartPhoneImg2_Verify(GoogleAssistant.java:90)
at com.flipkart.testing.TestPages.GoogleAssistant.Google_Assistant_Test.googleAssistant_SmartPhoneImg2_Verify_Test(Google_Assistant_Test.java:81)
at java.base/jdk.internal.reflect.NativeMethodAccessorImpl.invoke0(Native Method)
at java.base/jdk.internal.reflect.NativeMethodAccessorImpl.invoke(NativeMethodAccessorImpl.java:62)
at java.base/jdk.internal.reflect.DelegatingMethodAccessorImpl.invoke(DelegatingMethodAccessorImpl.java:43)
at java.base/java.lang.reflect.Method.invoke(Method.java:564)
at org.testng.internal.MethodInvocationHelper.invokeMethod(MethodInvocationHelper.java:135)
at org.testng.internal.TestInvoker.invokeMethod(TestInvoker.java:598)
at org.testng.internal.TestInvoker.invokeTestMethod(TestInvoker.java:174)
at org.testng.internal.MethodRunner.runInSequence(MethodRunner.java:46)
at org.testng.internal.TestInvoker$MethodInvocationAgent.invoke(TestInvoker.java:821)
at org.testng.internal.TestInvoker.invokeTestMethods(TestInvoker.java:147)
at org.testng.internal.TestMethodWorker.invokeTestMethods(TestMethodWorker.java:146)
at org.testng.internal.TestMethodWorker.run(TestMethodWorker.java:128)
at java.base/java.util.ArrayList.forEach(ArrayList.java:1510)
at org.testng.TestRunner.privateRun(TestRunner.java:767)
at org.testng.TestRunner.run(TestRunner.java:588)
at org.testng.SuiteRunner.runTest(SuiteRunner.java:384)
at org.testng.SuiteRunner.runSequentially(SuiteRunner.java:378)
at org.testng.SuiteRunner.privateRun(SuiteRunner.java:337)
at org.testng.SuiteRunner.run(SuiteRunner.java:286)
at org.testng.SuiteRunnerWorker.runSuite(SuiteRunnerWorker.java:53)
at org.testng.SuiteRunnerWorker.run(SuiteRunnerWorker.java:96)
at org.testng.TestNG.runSuitesSequentially(TestNG.java:1214)
at org.testng.TestNG.runSuitesLocally(TestNG.java:1136)
at org.testng.TestNG.runSuites(TestNG.java:1066)
at org.testng.TestNG.run(TestNG.java:1034)
at org.testng.remote.AbstractRemoteTestNG.run(AbstractRemoteTestNG.java:115)
at org.testng.remote.RemoteTestNG.initAndRun(RemoteTestNG.java:251)
at org.testng.remote.RemoteTestNG.main(RemoteTestNG.java:77)
]]>
    </failure>
  </testcase> <!-- googleAssistant_SmartPhoneImg2_Verify_Test -->
  <system-out/>
  <testcase classname="com.flipkart.testing.TestPages.GoogleAssistant.Google_Assistant_Test" name="googleAssistant_SmartPhoneImg3_Verify_Test" time="4.523"/>
  <system-out/>
  <testcase classname="com.flipkart.testing.TestPages.GoogleAssistant.Google_Assistant_Test" name="googleAssistanta_SmartTV_Verify_Test" time="4.512"/>
  <system-out/>
  <testcase classname="com.flipkart.testing.TestPages.GoogleAssistant.Google_Assistant_Test" name="googleAssistanta_SmartTV2_Verify_Test" time="4.391"/>
  <system-out/>
  <testcase classname="com.flipkart.testing.TestPages.GoogleAssistant.Google_Assistant_Test" name="googleAssistant_Term_ConditonsImg_Verify_Test" time="4.523"/>
  <system-out/>
  <testcase classname="com.flipkart.testing.TestPages.GoogleAssistant.Google_Assistant_Test" name="googleAssistant_Term_ConditonsImg2_Test" time="4.461"/>
  <system-out/>
</testsuite> <!-- com.flipkart.testing.TestPages.GoogleAssistant.Google_Assistant_Test -->
